-- The C compiler identification is GNU 9.4.0
-- The CXX compiler identification is GNU 9.4.0
-- Check for working C compiler: /usr/bin/cc
-- Check for working C compiler: /usr/bin/cc -- works
-- Detecting C compiler ABI info
-- Detecting C compiler ABI info - done
-- Detecting C compile features
-- Detecting C compile features - done
-- Check for working CXX compiler: /usr/bin/c++
-- Check for working CXX compiler: /usr/bin/c++ -- works
-- Detecting CXX compiler ABI info
-- Detecting CXX compiler ABI info - done
-- Detecting CXX compile features
-- Detecting CXX compile features - done
-- Found ament_cmake: 0.9.9 (/opt/ros/foxy/share/ament_cmake/cmake)
-- Found PythonInterp: /usr/bin/python3 (found suitable version "3.8.10", minimum required is "3") 
-- Using PYTHON_EXECUTABLE: /usr/bin/python3
-- Found gazebo_ros: 3.5.3 (/opt/ros/foxy/share/gazebo_ros/cmake)
-- Using all available rosidl_typesupport_c: rosidl_typesupport_fastrtps_c;rosidl_typesupport_introspection_c
-- Found rosidl_adapter: 1.2.1 (/opt/ros/foxy/share/rosidl_adapter/cmake)
-- Found OpenSSL: /usr/lib/x86_64-linux-gnu/libcrypto.so (found version "1.1.1f")  
-- Found FastRTPS: /opt/ros/foxy/include  
-- Using all available rosidl_typesupport_cpp: rosidl_typesupport_fastrtps_cpp;rosidl_typesupport_introspection_cpp
-- Found rmw_implementation_cmake: 1.0.3 (/opt/ros/foxy/share/rmw_implementation_cmake/cmake)
-- Using RMW implementation 'rmw_fastrtps_cpp' as default
-- Looking for pthread.h
-- Looking for pthread.h - found
-- Performing Test CMAKE_HAVE_LIBC_PTHREAD
-- Performing Test CMAKE_HAVE_LIBC_PTHREAD - Failed
-- Looking for pthread_create in pthreads
-- Looking for pthread_create in pthreads - not found
-- Looking for pthread_create in pthread
-- Looking for pthread_create in pthread - found
-- Found Threads: TRUE  
-- Found PkgConfig: /usr/bin/pkg-config (found version "0.29.1") 
-- Checking for module 'bullet>=2.82'
--   Found bullet, version 2.88
-- Found ccd: /usr/include (found suitable version "2.0", minimum required is "2.0") 
-- Found fcl: /usr/include (found suitable version "0.5.0", minimum required is "0.3.2") 
-- Found assimp: /usr/include (found version "5.0.0") 
-- Found DART: /usr/include (Required is at least version "6.6") found components: dart 
-- Found Boost: /usr/lib/x86_64-linux-gnu/cmake/Boost-1.71.0/BoostConfig.cmake (found suitable version "1.71.0", minimum required is "1.40.0") found components: thread system filesystem program_options regex iostreams date_time 
-- Found Protobuf: /usr/lib/x86_64-linux-gnu/libprotobuf.so;-lpthread (found version "3.6.1") 
-- Looking for ignition-math6 -- found version 6.10.0
-- Searching for dependencies of ignition-math6
-- Looking for OGRE...
-- OGRE_PREFIX_WATCH changed.
-- Checking for module 'OGRE'
--   Found OGRE, version 1.9.0
-- Found Ogre Ghadamon (1.9.0)
-- Found OGRE: optimized;/usr/lib/x86_64-linux-gnu/libOgreMain.so;debug;/usr/lib/x86_64-linux-gnu/libOgreMain.so
-- Looking for OGRE_Paging...
-- Found OGRE_Paging: optimized;/usr/lib/x86_64-linux-gnu/libOgrePaging.so;debug;/usr/lib/x86_64-linux-gnu/libOgrePaging.so
-- Looking for OGRE_Terrain...
-- Found OGRE_Terrain: optimized;/usr/lib/x86_64-linux-gnu/libOgreTerrain.so;debug;/usr/lib/x86_64-linux-gnu/libOgreTerrain.so
-- Looking for OGRE_Property...
-- Found OGRE_Property: optimized;/usr/lib/x86_64-linux-gnu/libOgreProperty.so;debug;/usr/lib/x86_64-linux-gnu/libOgreProperty.so
-- Looking for OGRE_RTShaderSystem...
-- Found OGRE_RTShaderSystem: optimized;/usr/lib/x86_64-linux-gnu/libOgreRTShaderSystem.so;debug;/usr/lib/x86_64-linux-gnu/libOgreRTShaderSystem.so
-- Looking for OGRE_Volume...
-- Found OGRE_Volume: optimized;/usr/lib/x86_64-linux-gnu/libOgreVolume.so;debug;/usr/lib/x86_64-linux-gnu/libOgreVolume.so
-- Looking for OGRE_Overlay...
-- Found OGRE_Overlay: optimized;/usr/lib/x86_64-linux-gnu/libOgreOverlay.so;debug;/usr/lib/x86_64-linux-gnu/libOgreOverlay.so
-- Looking for ignition-math6 -- found version 6.10.0
-- Looking for ignition-transport8 -- found version 8.2.1
-- Searching for dependencies of ignition-transport8
-- Found Protobuf: /usr/lib/x86_64-linux-gnu/libprotobuf.so;-lpthread (found suitable version "3.6.1", minimum required is "3") 
-- Config-file not installed for ZeroMQ -- checking for pkg-config
-- Checking for module 'libzmq >= 4'
--   Found libzmq , version 4.3.2
-- Found ZeroMQ: TRUE (Required is at least version "4") 
-- Checking for module 'uuid'
--   Found uuid, version 2.34.0
-- Found UUID: TRUE  
-- Looking for ignition-msgs5 -- found version 5.9.0
-- Searching for dependencies of ignition-msgs5
-- Looking for ignition-math6 -- found version 6.10.0
-- Checking for module 'tinyxml2'
--   Found tinyxml2, version 6.2.0
-- Looking for ignition-msgs5 -- found version 5.9.0
-- Looking for ignition-common3 -- found version 3.14.0
-- Searching for dependencies of ignition-common3
-- Looking for dlfcn.h - found
-- Looking for libdl - found
-- Found DL: TRUE  
-- Searching for <ignition-common3> component [graphics]
-- Looking for ignition-common3-graphics -- found version 3.14.0
-- Searching for dependencies of ignition-common3-graphics
-- Looking for ignition-math6 -- found version 6.10.0
-- Looking for ignition-fuel_tools4 -- found version 4.4.0
-- Searching for dependencies of ignition-fuel_tools4
-- Found CURL: /usr/lib/x86_64-linux-gnu/libcurl.so (found version "7.68.0")  
-- Checking for module 'jsoncpp'
--   Found jsoncpp, version 1.7.4
-- Found JSONCPP: TRUE  
-- Checking for module 'libzip'
--   Found libzip, version 1.5.1
-- Found ZIP: TRUE  
-- Looking for ignition-common3 -- found version 3.14.0
-- Looking for ignition-math6 -- found version 6.10.0
-- Looking for ignition-msgs5 -- found version 5.9.0
-- Gazebo version: 11.10
-- Found ament_lint_auto: 0.9.6 (/opt/ros/foxy/share/ament_lint_auto/cmake)
-- Added test 'copyright' to check source files copyright and LICENSE
-- Added test 'lint_cmake' to check CMake code style
-- Added test 'xmllint' to check XML markup files
-- Configuring done
-- Generating done
-- Build files have been written to: /home/instaufpr/taylor_ws/src/build/lab_usig_world_description
-- Install configuration: ""
-- Installing: /home/instaufpr/taylor_ws/src/install/lab_usig_world_description/share/lab_usig_world_description/worlds
-- Installing: /home/instaufpr/taylor_ws/src/install/lab_usig_world_description/share/lab_usig_world_description/worlds/lab_4
-- Installing: /home/instaufpr/taylor_ws/src/install/lab_usig_world_description/share/lab_usig_world_description/worlds/lab
-- Installing: /home/instaufpr/taylor_ws/src/install/lab_usig_world_description/share/lab_usig_world_description/worlds/lab_22
-- Installing: /home/instaufpr/taylor_ws/src/install/lab_usig_world_description/share/lab_usig_world_description/worlds/lab_26
-- Installing: /home/instaufpr/taylor_ws/src/install/lab_usig_world_description/share/lab_usig_world_description/worlds/lab_14
-- Installing: /home/instaufpr/taylor_ws/src/install/lab_usig_world_description/share/lab_usig_world_description/worlds/lab_21
-- Installing: /home/instaufpr/taylor_ws/src/install/lab_usig_world_description/share/lab_usig_world_description/worlds/lab_18
-- Installing: /home/instaufpr/taylor_ws/src/install/lab_usig_world_description/share/lab_usig_world_description/worlds/lab_25
-- Installing: /home/instaufpr/taylor_ws/src/install/lab_usig_world_description/share/lab_usig_world_description/worlds/lab_7
-- Installing: /home/instaufpr/taylor_ws/src/install/lab_usig_world_description/share/lab_usig_world_description/worlds/lab_8
-- Installing: /home/instaufpr/taylor_ws/src/install/lab_usig_world_description/share/lab_usig_world_description/worlds/lab_9
-- Installing: /home/instaufpr/taylor_ws/src/install/lab_usig_world_description/share/lab_usig_world_description/worlds/lab_27
-- Installing: /home/instaufpr/taylor_ws/src/install/lab_usig_world_description/share/lab_usig_world_description/worlds/lab_5
-- Installing: /home/instaufpr/taylor_ws/src/install/lab_usig_world_description/share/lab_usig_world_description/worlds/lab_11
-- Installing: /home/instaufpr/taylor_ws/src/install/lab_usig_world_description/share/lab_usig_world_description/worlds/lab_1
-- Installing: /home/instaufpr/taylor_ws/src/install/lab_usig_world_description/share/lab_usig_world_description/worlds/lab_16
-- Installing: /home/instaufpr/taylor_ws/src/install/lab_usig_world_description/share/lab_usig_world_description/worlds/lab_17
-- Installing: /home/instaufpr/taylor_ws/src/install/lab_usig_world_description/share/lab_usig_world_description/worlds/lab_12
-- Installing: /home/instaufpr/taylor_ws/src/install/lab_usig_world_description/share/lab_usig_world_description/worlds/laboratorio_2
-- Installing: /home/instaufpr/taylor_ws/src/install/lab_usig_world_description/share/lab_usig_world_description/worlds/laboratorio
-- Installing: /home/instaufpr/taylor_ws/src/install/lab_usig_world_description/share/lab_usig_world_description/worlds/laboratorio_3
-- Installing: /home/instaufpr/taylor_ws/src/install/lab_usig_world_description/share/lab_usig_world_description/worlds/lab_19
-- Installing: /home/instaufpr/taylor_ws/src/install/lab_usig_world_description/share/lab_usig_world_description/worlds/lab_20
-- Installing: /home/instaufpr/taylor_ws/src/install/lab_usig_world_description/share/lab_usig_world_description/worlds/teste
-- Installing: /home/instaufpr/taylor_ws/src/install/lab_usig_world_description/share/lab_usig_world_description/worlds/lab_2
-- Installing: /home/instaufpr/taylor_ws/src/install/lab_usig_world_description/share/lab_usig_world_description/worlds/lab_15
-- Installing: /home/instaufpr/taylor_ws/src/install/lab_usig_world_description/share/lab_usig_world_description/worlds/lab_3
-- Installing: /home/instaufpr/taylor_ws/src/install/lab_usig_world_description/share/lab_usig_world_description/worlds/lab_10
-- Installing: /home/instaufpr/taylor_ws/src/install/lab_usig_world_description/share/lab_usig_world_description/worlds/lab_6
-- Installing: /home/instaufpr/taylor_ws/src/install/lab_usig_world_description/share/lab_usig_world_description/worlds/lab_13
-- Installing: /home/instaufpr/taylor_ws/src/install/lab_usig_world_description/share/lab_usig_world_description/models
-- Installing: /home/instaufpr/taylor_ws/src/install/lab_usig_world_description/share/lab_usig_world_description/models/armario
-- Installing: /home/instaufpr/taylor_ws/src/install/lab_usig_world_description/share/lab_usig_world_description/models/armario/model.config
-- Installing: /home/instaufpr/taylor_ws/src/install/lab_usig_world_description/share/lab_usig_world_description/models/armario/meshes
-- Installing: /home/instaufpr/taylor_ws/src/install/lab_usig_world_description/share/lab_usig_world_description/models/armario/meshes/armario.stl
-- Installing: /home/instaufpr/taylor_ws/src/install/lab_usig_world_description/share/lab_usig_world_description/models/armario/model.sdf
-- Installing: /home/instaufpr/taylor_ws/src/install/lab_usig_world_description/share/lab_usig_world_description/models/laboratótio_de_usinagem_modelo
-- Installing: /home/instaufpr/taylor_ws/src/install/lab_usig_world_description/share/lab_usig_world_description/models/laboratótio_de_usinagem_modelo/model.config
-- Installing: /home/instaufpr/taylor_ws/src/install/lab_usig_world_description/share/lab_usig_world_description/models/laboratótio_de_usinagem_modelo/model.sdf
-- Installing: /home/instaufpr/taylor_ws/src/install/lab_usig_world_description/share/lab_usig_world_description/models/maquina_corte
-- Installing: /home/instaufpr/taylor_ws/src/install/lab_usig_world_description/share/lab_usig_world_description/models/maquina_corte/model.config
-- Installing: /home/instaufpr/taylor_ws/src/install/lab_usig_world_description/share/lab_usig_world_description/models/maquina_corte/meshes
-- Installing: /home/instaufpr/taylor_ws/src/install/lab_usig_world_description/share/lab_usig_world_description/models/maquina_corte/meshes/maquina_corte.stl
-- Installing: /home/instaufpr/taylor_ws/src/install/lab_usig_world_description/share/lab_usig_world_description/models/maquina_corte/meshes/nixon.stl
-- Installing: /home/instaufpr/taylor_ws/src/install/lab_usig_world_description/share/lab_usig_world_description/models/maquina_corte/meshes/maquina_corte.dae
-- Installing: /home/instaufpr/taylor_ws/src/install/lab_usig_world_description/share/lab_usig_world_description/models/maquina_corte/model.sdf
-- Installing: /home/instaufpr/taylor_ws/src/install/lab_usig_world_description/share/lab_usig_world_description/models/sofa3
-- Installing: /home/instaufpr/taylor_ws/src/install/lab_usig_world_description/share/lab_usig_world_description/models/sofa3/model.config
-- Installing: /home/instaufpr/taylor_ws/src/install/lab_usig_world_description/share/lab_usig_world_description/models/sofa3/meshes
-- Installing: /home/instaufpr/taylor_ws/src/install/lab_usig_world_description/share/lab_usig_world_description/models/sofa3/meshes/sofa3.stl
-- Installing: /home/instaufpr/taylor_ws/src/install/lab_usig_world_description/share/lab_usig_world_description/models/sofa3/model.sdf
-- Installing: /home/instaufpr/taylor_ws/src/install/lab_usig_world_description/share/lab_usig_world_description/models/armario2
-- Installing: /home/instaufpr/taylor_ws/src/install/lab_usig_world_description/share/lab_usig_world_description/models/armario2/model.config
-- Installing: /home/instaufpr/taylor_ws/src/install/lab_usig_world_description/share/lab_usig_world_description/models/armario2/meshes
-- Installing: /home/instaufpr/taylor_ws/src/install/lab_usig_world_description/share/lab_usig_world_description/models/armario2/meshes/armario2.stl
-- Installing: /home/instaufpr/taylor_ws/src/install/lab_usig_world_description/share/lab_usig_world_description/models/armario2/model.sdf
-- Installing: /home/instaufpr/taylor_ws/src/install/lab_usig_world_description/share/lab_usig_world_description/models/ar_condicionado
-- Installing: /home/instaufpr/taylor_ws/src/install/lab_usig_world_description/share/lab_usig_world_description/models/ar_condicionado/model.config
-- Installing: /home/instaufpr/taylor_ws/src/install/lab_usig_world_description/share/lab_usig_world_description/models/ar_condicionado/meshes
-- Installing: /home/instaufpr/taylor_ws/src/install/lab_usig_world_description/share/lab_usig_world_description/models/ar_condicionado/meshes/ar_condicionado.stl
-- Installing: /home/instaufpr/taylor_ws/src/install/lab_usig_world_description/share/lab_usig_world_description/models/ar_condicionado/model.sdf
-- Installing: /home/instaufpr/taylor_ws/src/install/lab_usig_world_description/share/lab_usig_world_description/models/nixon
-- Installing: /home/instaufpr/taylor_ws/src/install/lab_usig_world_description/share/lab_usig_world_description/models/nixon/model.config
-- Installing: /home/instaufpr/taylor_ws/src/install/lab_usig_world_description/share/lab_usig_world_description/models/nixon/meshes
-- Installing: /home/instaufpr/taylor_ws/src/install/lab_usig_world_description/share/lab_usig_world_description/models/nixon/meshes/nixon.stl
-- Installing: /home/instaufpr/taylor_ws/src/install/lab_usig_world_description/share/lab_usig_world_description/models/nixon/model.sdf
-- Installing: /home/instaufpr/taylor_ws/src/install/lab_usig_world_description/share/lab_usig_world_description/models/server
-- Installing: /home/instaufpr/taylor_ws/src/install/lab_usig_world_description/share/lab_usig_world_description/models/server/model.config
-- Installing: /home/instaufpr/taylor_ws/src/install/lab_usig_world_description/share/lab_usig_world_description/models/server/meshes
-- Installing: /home/instaufpr/taylor_ws/src/install/lab_usig_world_description/share/lab_usig_world_description/models/server/meshes/server.stl
-- Installing: /home/instaufpr/taylor_ws/src/install/lab_usig_world_description/share/lab_usig_world_description/models/server/model.sdf
-- Installing: /home/instaufpr/taylor_ws/src/install/lab_usig_world_description/share/lab_usig_world_description/models/mesa
-- Installing: /home/instaufpr/taylor_ws/src/install/lab_usig_world_description/share/lab_usig_world_description/models/mesa/model.config
-- Installing: /home/instaufpr/taylor_ws/src/install/lab_usig_world_description/share/lab_usig_world_description/models/mesa/meshes
-- Installing: /home/instaufpr/taylor_ws/src/install/lab_usig_world_description/share/lab_usig_world_description/models/mesa/meshes/mesa.stl
-- Installing: /home/instaufpr/taylor_ws/src/install/lab_usig_world_description/share/lab_usig_world_description/models/mesa/model.sdf
-- Installing: /home/instaufpr/taylor_ws/src/install/lab_usig_world_description/share/lab_usig_world_description/models/maquina_usinagem
-- Installing: /home/instaufpr/taylor_ws/src/install/lab_usig_world_description/share/lab_usig_world_description/models/maquina_usinagem/model.config
-- Installing: /home/instaufpr/taylor_ws/src/install/lab_usig_world_description/share/lab_usig_world_description/models/maquina_usinagem/meshes
-- Installing: /home/instaufpr/taylor_ws/src/install/lab_usig_world_description/share/lab_usig_world_description/models/maquina_usinagem/meshes/usinagem.stl
-- Installing: /home/instaufpr/taylor_ws/src/install/lab_usig_world_description/share/lab_usig_world_description/models/maquina_usinagem/model.sdf
-- Installing: /home/instaufpr/taylor_ws/src/install/lab_usig_world_description/share/lab_usig_world_description/models/torno_mecanico
-- Installing: /home/instaufpr/taylor_ws/src/install/lab_usig_world_description/share/lab_usig_world_description/models/torno_mecanico/model.config
-- Installing: /home/instaufpr/taylor_ws/src/install/lab_usig_world_description/share/lab_usig_world_description/models/torno_mecanico/meshes
-- Installing: /home/instaufpr/taylor_ws/src/install/lab_usig_world_description/share/lab_usig_world_description/models/torno_mecanico/meshes/torno.stl
-- Installing: /home/instaufpr/taylor_ws/src/install/lab_usig_world_description/share/lab_usig_world_description/models/torno_mecanico/model.sdf
-- Installing: /home/instaufpr/taylor_ws/src/install/lab_usig_world_description/share/lab_usig_world_description/models/compressor
-- Installing: /home/instaufpr/taylor_ws/src/install/lab_usig_world_description/share/lab_usig_world_description/models/compressor/model.config
-- Installing: /home/instaufpr/taylor_ws/src/install/lab_usig_world_description/share/lab_usig_world_description/models/compressor/meshes
-- Installing: /home/instaufpr/taylor_ws/src/install/lab_usig_world_description/share/lab_usig_world_description/models/compressor/meshes/compressor.stl
-- Installing: /home/instaufpr/taylor_ws/src/install/lab_usig_world_description/share/lab_usig_world_description/models/compressor/model.sdf
-- Installing: /home/instaufpr/taylor_ws/src/install/lab_usig_world_description/share/lab_usig_world_description/models/sofa1
-- Installing: /home/instaufpr/taylor_ws/src/install/lab_usig_world_description/share/lab_usig_world_description/models/sofa1/model.config
-- Installing: /home/instaufpr/taylor_ws/src/install/lab_usig_world_description/share/lab_usig_world_description/models/sofa1/meshes
-- Installing: /home/instaufpr/taylor_ws/src/install/lab_usig_world_description/share/lab_usig_world_description/models/sofa1/meshes/sofa1.stl
-- Installing: /home/instaufpr/taylor_ws/src/install/lab_usig_world_description/share/lab_usig_world_description/models/sofa1/model.sdf
-- Installing: /home/instaufpr/taylor_ws/src/install/lab_usig_world_description/share/lab_usig_world_description/models/fresadora
-- Installing: /home/instaufpr/taylor_ws/src/install/lab_usig_world_description/share/lab_usig_world_description/models/fresadora/model.config
-- Installing: /home/instaufpr/taylor_ws/src/install/lab_usig_world_description/share/lab_usig_world_description/models/fresadora/meshes
-- Installing: /home/instaufpr/taylor_ws/src/install/lab_usig_world_description/share/lab_usig_world_description/models/fresadora/meshes/fresadora.stl
-- Installing: /home/instaufpr/taylor_ws/src/install/lab_usig_world_description/share/lab_usig_world_description/models/fresadora/model.sdf
-- Installing: /home/instaufpr/taylor_ws/src/install/lab_usig_world_description/share/lab_usig_world_description/models/sofa2
-- Installing: /home/instaufpr/taylor_ws/src/install/lab_usig_world_description/share/lab_usig_world_description/models/sofa2/model.config
-- Installing: /home/instaufpr/taylor_ws/src/install/lab_usig_world_description/share/lab_usig_world_description/models/sofa2/meshes
-- Installing: /home/instaufpr/taylor_ws/src/install/lab_usig_world_description/share/lab_usig_world_description/models/sofa2/meshes/sofa2.stl
-- Installing: /home/instaufpr/taylor_ws/src/install/lab_usig_world_description/share/lab_usig_world_description/models/sofa2/model.sdf
-- Installing: /home/instaufpr/taylor_ws/src/install/lab_usig_world_description/share/lab_usig_world_description/models/duster
-- Installing: /home/instaufpr/taylor_ws/src/install/lab_usig_world_description/share/lab_usig_world_description/models/duster/model.config
-- Installing: /home/instaufpr/taylor_ws/src/install/lab_usig_world_description/share/lab_usig_world_description/models/duster/meshes
-- Installing: /home/instaufpr/taylor_ws/src/install/lab_usig_world_description/share/lab_usig_world_description/models/duster/meshes/duster.stl
-- Installing: /home/instaufpr/taylor_ws/src/install/lab_usig_world_description/share/lab_usig_world_description/models/duster/model.sdf
-- Installing: /home/instaufpr/taylor_ws/src/install/lab_usig_world_description/share/lab_usig_world_description/models/painel
-- Installing: /home/instaufpr/taylor_ws/src/install/lab_usig_world_description/share/lab_usig_world_description/models/painel/model.config
-- Installing: /home/instaufpr/taylor_ws/src/install/lab_usig_world_description/share/lab_usig_world_description/models/painel/meshes
-- Installing: /home/instaufpr/taylor_ws/src/install/lab_usig_world_description/share/lab_usig_world_description/models/painel/meshes/painel.stl
-- Installing: /home/instaufpr/taylor_ws/src/install/lab_usig_world_description/share/lab_usig_world_description/models/painel/model.sdf
-- Installing: /home/instaufpr/taylor_ws/src/install/lab_usig_world_description/share/lab_usig_world_description/models/bebedouro
-- Installing: /home/instaufpr/taylor_ws/src/install/lab_usig_world_description/share/lab_usig_world_description/models/bebedouro/model.config
-- Installing: /home/instaufpr/taylor_ws/src/install/lab_usig_world_description/share/lab_usig_world_description/models/bebedouro/meshes
-- Installing: /home/instaufpr/taylor_ws/src/install/lab_usig_world_description/share/lab_usig_world_description/models/bebedouro/meshes/bebedouro.stl
-- Installing: /home/instaufpr/taylor_ws/src/install/lab_usig_world_description/share/lab_usig_world_description/models/bebedouro/model.sdf
-- Installing: /home/instaufpr/taylor_ws/src/install/lab_usig_world_description/share/lab_usig_world_description/models/banco
-- Installing: /home/instaufpr/taylor_ws/src/install/lab_usig_world_description/share/lab_usig_world_description/models/banco/model.config
-- Installing: /home/instaufpr/taylor_ws/src/install/lab_usig_world_description/share/lab_usig_world_description/models/banco/meshes
-- Installing: /home/instaufpr/taylor_ws/src/install/lab_usig_world_description/share/lab_usig_world_description/models/banco/meshes/banco.stl
-- Installing: /home/instaufpr/taylor_ws/src/install/lab_usig_world_description/share/lab_usig_world_description/models/banco/model.sdf
-- Installing: /home/instaufpr/taylor_ws/src/install/lab_usig_world_description/share/lab_usig_world_description/models/porta
-- Installing: /home/instaufpr/taylor_ws/src/install/lab_usig_world_description/share/lab_usig_world_description/models/porta/model.config
-- Installing: /home/instaufpr/taylor_ws/src/install/lab_usig_world_description/share/lab_usig_world_description/models/porta/meshes
-- Installing: /home/instaufpr/taylor_ws/src/install/lab_usig_world_description/share/lab_usig_world_description/models/porta/meshes/porta.stl
-- Installing: /home/instaufpr/taylor_ws/src/install/lab_usig_world_description/share/lab_usig_world_description/models/porta/model.sdf
-- Installing: /home/instaufpr/taylor_ws/src/install/lab_usig_world_description/share/lab_usig_world_description/models/extintor
-- Installing: /home/instaufpr/taylor_ws/src/install/lab_usig_world_description/share/lab_usig_world_description/models/extintor/model.config
-- Installing: /home/instaufpr/taylor_ws/src/install/lab_usig_world_description/share/lab_usig_world_description/models/extintor/meshes
-- Installing: /home/instaufpr/taylor_ws/src/install/lab_usig_world_description/share/lab_usig_world_description/models/extintor/meshes/extintor.stl
-- Installing: /home/instaufpr/taylor_ws/src/install/lab_usig_world_description/share/lab_usig_world_description/models/extintor/model.sdf
-- Installing: /home/instaufpr/taylor_ws/src/install/lab_usig_world_description/share/lab_usig_world_description/models/cortadora_a_laser
-- Installing: /home/instaufpr/taylor_ws/src/install/lab_usig_world_description/share/lab_usig_world_description/models/cortadora_a_laser/model.config
-- Installing: /home/instaufpr/taylor_ws/src/install/lab_usig_world_description/share/lab_usig_world_description/models/cortadora_a_laser/meshes
-- Installing: /home/instaufpr/taylor_ws/src/install/lab_usig_world_description/share/lab_usig_world_description/models/cortadora_a_laser/meshes/cortadora_laser.stl
-- Installing: /home/instaufpr/taylor_ws/src/install/lab_usig_world_description/share/lab_usig_world_description/models/cortadora_a_laser/model.sdf
-- Installing: /home/instaufpr/taylor_ws/src/install/lab_usig_world_description/share/lab_usig_world_description/models/quadro
-- Installing: /home/instaufpr/taylor_ws/src/install/lab_usig_world_description/share/lab_usig_world_description/models/quadro/model.config
-- Installing: /home/instaufpr/taylor_ws/src/install/lab_usig_world_description/share/lab_usig_world_description/models/quadro/meshes
-- Installing: /home/instaufpr/taylor_ws/src/install/lab_usig_world_description/share/lab_usig_world_description/models/quadro/meshes/quadro.stl
-- Installing: /home/instaufpr/taylor_ws/src/install/lab_usig_world_description/share/lab_usig_world_description/models/quadro/model.sdf
-- Installing: /home/instaufpr/taylor_ws/src/install/lab_usig_world_description/share/lab_usig_world_description/models/bancada
-- Installing: /home/instaufpr/taylor_ws/src/install/lab_usig_world_description/share/lab_usig_world_description/models/bancada/model.config
-- Installing: /home/instaufpr/taylor_ws/src/install/lab_usig_world_description/share/lab_usig_world_description/models/bancada/meshes
-- Installing: /home/instaufpr/taylor_ws/src/install/lab_usig_world_description/share/lab_usig_world_description/models/bancada/meshes/bancada.stl
-- Installing: /home/instaufpr/taylor_ws/src/install/lab_usig_world_description/share/lab_usig_world_description/models/bancada/model.sdf
-- Installing: /home/instaufpr/taylor_ws/src/install/lab_usig_world_description/share/lab_usig_world_description/models/furadeira
-- Installing: /home/instaufpr/taylor_ws/src/install/lab_usig_world_description/share/lab_usig_world_description/models/furadeira/model.config
-- Installing: /home/instaufpr/taylor_ws/src/install/lab_usig_world_description/share/lab_usig_world_description/models/furadeira/meshes
-- Installing: /home/instaufpr/taylor_ws/src/install/lab_usig_world_description/share/lab_usig_world_description/models/furadeira/meshes/furadeira.stl
-- Installing: /home/instaufpr/taylor_ws/src/install/lab_usig_world_description/share/lab_usig_world_description/models/furadeira/model.sdf
-- Installing: /home/instaufpr/taylor_ws/src/install/lab_usig_world_description/share/lab_usig_world_description/models/retifica
-- Installing: /home/instaufpr/taylor_ws/src/install/lab_usig_world_description/share/lab_usig_world_description/models/retifica/model.config
-- Installing: /home/instaufpr/taylor_ws/src/install/lab_usig_world_description/share/lab_usig_world_description/models/retifica/meshes
-- Installing: /home/instaufpr/taylor_ws/src/install/lab_usig_world_description/share/lab_usig_world_description/models/retifica/meshes/retifica.stl
-- Installing: /home/instaufpr/taylor_ws/src/install/lab_usig_world_description/share/lab_usig_world_description/models/retifica/model.sdf
-- Installing: /home/instaufpr/taylor_ws/src/install/lab_usig_world_description/share/lab_usig_world_description/models/mesa_de_trabalho
-- Installing: /home/instaufpr/taylor_ws/src/install/lab_usig_world_description/share/lab_usig_world_description/models/mesa_de_trabalho/model.config
-- Installing: /home/instaufpr/taylor_ws/src/install/lab_usig_world_description/share/lab_usig_world_description/models/mesa_de_trabalho/meshes
-- Installing: /home/instaufpr/taylor_ws/src/install/lab_usig_world_description/share/lab_usig_world_description/models/mesa_de_trabalho/meshes/mesa.stl
-- Installing: /home/instaufpr/taylor_ws/src/install/lab_usig_world_description/share/lab_usig_world_description/models/mesa_de_trabalho/model.sdf
-- Installing: /home/instaufpr/taylor_ws/src/install/lab_usig_world_description/share/lab_usig_world_description/environment/lab_usig_world_description.sh
-- Installing: /home/instaufpr/taylor_ws/src/install/lab_usig_world_description/share/ament_index/resource_index/package_run_dependencies/lab_usig_world_description
-- Installing: /home/instaufpr/taylor_ws/src/install/lab_usig_world_description/share/ament_index/resource_index/parent_prefix_path/lab_usig_world_description
-- Installing: /home/instaufpr/taylor_ws/src/install/lab_usig_world_description/share/lab_usig_world_description/environment/ament_prefix_path.sh
-- Installing: /home/instaufpr/taylor_ws/src/install/lab_usig_world_description/share/lab_usig_world_description/environment/ament_prefix_path.dsv
-- Installing: /home/instaufpr/taylor_ws/src/install/lab_usig_world_description/share/lab_usig_world_description/environment/path.sh
-- Installing: /home/instaufpr/taylor_ws/src/install/lab_usig_world_description/share/lab_usig_world_description/environment/path.dsv
-- Installing: /home/instaufpr/taylor_ws/src/install/lab_usig_world_description/share/lab_usig_world_description/local_setup.bash
-- Installing: /home/instaufpr/taylor_ws/src/install/lab_usig_world_description/share/lab_usig_world_description/local_setup.sh
-- Installing: /home/instaufpr/taylor_ws/src/install/lab_usig_world_description/share/lab_usig_world_description/local_setup.zsh
-- Installing: /home/instaufpr/taylor_ws/src/install/lab_usig_world_description/share/lab_usig_world_description/local_setup.dsv
-- Installing: /home/instaufpr/taylor_ws/src/install/lab_usig_world_description/share/lab_usig_world_description/package.dsv
-- Installing: /home/instaufpr/taylor_ws/src/install/lab_usig_world_description/share/ament_index/resource_index/packages/lab_usig_world_description
-- Installing: /home/instaufpr/taylor_ws/src/install/lab_usig_world_description/share/lab_usig_world_description/cmake/lab_usig_world_descriptionConfig.cmake
-- Installing: /home/instaufpr/taylor_ws/src/install/lab_usig_world_description/share/lab_usig_world_description/cmake/lab_usig_world_descriptionConfig-version.cmake
-- Installing: /home/instaufpr/taylor_ws/src/install/lab_usig_world_description/share/lab_usig_world_description/package.xml
