[0.028s] Invoking command in '/home/instaufpr/taylor_ws/src/build/lab_usig_world_description': CMAKE_PREFIX_PATH=${CMAKE_PREFIX_PATH}:/home/instaufpr/udemy_ros2/install/turtlesim_catch_them_all:/home/instaufpr/udemy_ros2/install/my_py_pkg:/home/instaufpr/nav2_ws/install/nav2_gazebo_spawner:/opt/ros/foxy /usr/bin/cmake /home/instaufpr/taylor_ws/src/lab_usig_world_description -DCMAKE_INSTALL_PREFIX=/home/instaufpr/taylor_ws/src/install/lab_usig_world_description
[0.155s] -- The C compiler identification is GNU 9.4.0
[0.283s] -- The CXX compiler identification is GNU 9.4.0
[0.292s] -- Check for working C compiler: /usr/bin/cc
[0.364s] -- Check for working C compiler: /usr/bin/cc -- works
[0.365s] -- Detecting C compiler ABI info
[0.443s] -- Detecting C compiler ABI info - done
[0.466s] -- Detecting C compile features
[0.467s] -- Detecting C compile features - done
[0.471s] -- Check for working CXX compiler: /usr/bin/c++
[0.559s] -- Check for working CXX compiler: /usr/bin/c++ -- works
[0.561s] -- Detecting CXX compiler ABI info
[0.659s] -- Detecting CXX compiler ABI info - done
[0.671s] -- Detecting CXX compile features
[0.671s] -- Detecting CXX compile features - done
[0.675s] -- Found ament_cmake: 0.9.9 (/opt/ros/foxy/share/ament_cmake/cmake)
[0.715s] -- Found PythonInterp: /usr/bin/python3 (found suitable version "3.8.10", minimum required is "3") 
[0.715s] -- Using PYTHON_EXECUTABLE: /usr/bin/python3
[0.948s] -- Found gazebo_ros: 3.5.3 (/opt/ros/foxy/share/gazebo_ros/cmake)
[1.048s] -- Using all available rosidl_typesupport_c: rosidl_typesupport_fastrtps_c;rosidl_typesupport_introspection_c
[1.066s] -- Found rosidl_adapter: 1.2.1 (/opt/ros/foxy/share/rosidl_adapter/cmake)
[1.189s] -- Found OpenSSL: /usr/lib/x86_64-linux-gnu/libcrypto.so (found version "1.1.1f")  
[1.228s] -- Found FastRTPS: /opt/ros/foxy/include  
[1.326s] -- Using all available rosidl_typesupport_cpp: rosidl_typesupport_fastrtps_cpp;rosidl_typesupport_introspection_cpp
[1.400s] -- Found rmw_implementation_cmake: 1.0.3 (/opt/ros/foxy/share/rmw_implementation_cmake/cmake)
[1.403s] -- Using RMW implementation 'rmw_fastrtps_cpp' as default
[1.404s] -- Looking for pthread.h
[1.471s] -- Looking for pthread.h - found
[1.471s] -- Performing Test CMAKE_HAVE_LIBC_PTHREAD
[1.545s] -- Performing Test CMAKE_HAVE_LIBC_PTHREAD - Failed
[1.545s] -- Looking for pthread_create in pthreads
[1.607s] -- Looking for pthread_create in pthreads - not found
[1.607s] -- Looking for pthread_create in pthread
[1.676s] -- Looking for pthread_create in pthread - found
[1.677s] -- Found Threads: TRUE  
[1.853s] -- Found PkgConfig: /usr/bin/pkg-config (found version "0.29.1") 
[1.854s] -- Checking for module 'bullet>=2.82'
[1.869s] --   Found bullet, version 2.88
[1.985s] -- Found ccd: /usr/include (found suitable version "2.0", minimum required is "2.0") 
[2.040s] -- Found fcl: /usr/include (found suitable version "0.5.0", minimum required is "0.3.2") 
[2.095s] -- Found assimp: /usr/include (found version "5.0.0") 
[2.134s] -- Found DART: /usr/include (Required is at least version "6.6") found components: dart 
[2.172s] -- Found Boost: /usr/lib/x86_64-linux-gnu/cmake/Boost-1.71.0/BoostConfig.cmake (found suitable version "1.71.0", minimum required is "1.40.0") found components: thread system filesystem program_options regex iostreams date_time 
[2.196s] -- Found Protobuf: /usr/lib/x86_64-linux-gnu/libprotobuf.so;-lpthread (found version "3.6.1") 
[2.205s] -- Looking for ignition-math6 -- found version 6.10.0
[2.214s] -- Searching for dependencies of ignition-math6
[2.216s] -- Looking for OGRE...
[2.217s] -- OGRE_PREFIX_WATCH changed.
[2.221s] -- Checking for module 'OGRE'
[2.239s] --   Found OGRE, version 1.9.0
[2.275s] -- Found Ogre Ghadamon (1.9.0)
[2.286s] -- Found OGRE: optimized;/usr/lib/x86_64-linux-gnu/libOgreMain.so;debug;/usr/lib/x86_64-linux-gnu/libOgreMain.so
[2.296s] -- Looking for OGRE_Paging...
[2.305s] -- Found OGRE_Paging: optimized;/usr/lib/x86_64-linux-gnu/libOgrePaging.so;debug;/usr/lib/x86_64-linux-gnu/libOgrePaging.so
[2.305s] -- Looking for OGRE_Terrain...
[2.314s] -- Found OGRE_Terrain: optimized;/usr/lib/x86_64-linux-gnu/libOgreTerrain.so;debug;/usr/lib/x86_64-linux-gnu/libOgreTerrain.so
[2.314s] -- Looking for OGRE_Property...
[2.323s] -- Found OGRE_Property: optimized;/usr/lib/x86_64-linux-gnu/libOgreProperty.so;debug;/usr/lib/x86_64-linux-gnu/libOgreProperty.so
[2.323s] -- Looking for OGRE_RTShaderSystem...
[2.334s] -- Found OGRE_RTShaderSystem: optimized;/usr/lib/x86_64-linux-gnu/libOgreRTShaderSystem.so;debug;/usr/lib/x86_64-linux-gnu/libOgreRTShaderSystem.so
[2.334s] -- Looking for OGRE_Volume...
[2.344s] -- Found OGRE_Volume: optimized;/usr/lib/x86_64-linux-gnu/libOgreVolume.so;debug;/usr/lib/x86_64-linux-gnu/libOgreVolume.so
[2.344s] -- Looking for OGRE_Overlay...
[2.356s] -- Found OGRE_Overlay: optimized;/usr/lib/x86_64-linux-gnu/libOgreOverlay.so;debug;/usr/lib/x86_64-linux-gnu/libOgreOverlay.so
[2.567s] -- Looking for ignition-math6 -- found version 6.10.0
[2.571s] -- Looking for ignition-transport8 -- found version 8.2.1
[2.571s] -- Searching for dependencies of ignition-transport8
[2.589s] -- Found Protobuf: /usr/lib/x86_64-linux-gnu/libprotobuf.so;-lpthread (found suitable version "3.6.1", minimum required is "3") 
[2.601s] -- Config-file not installed for ZeroMQ -- checking for pkg-config
[2.605s] -- Checking for module 'libzmq >= 4'
[2.621s] --   Found libzmq , version 4.3.2
[2.661s] -- Found ZeroMQ: TRUE (Required is at least version "4") 
[2.667s] -- Checking for module 'uuid'
[2.683s] --   Found uuid, version 2.34.0
[2.719s] -- Found UUID: TRUE  
[2.723s] -- Looking for ignition-msgs5 -- found version 5.9.0
[2.724s] -- Searching for dependencies of ignition-msgs5
[2.748s] -- Looking for ignition-math6 -- found version 6.10.0
[2.752s] -- Checking for module 'tinyxml2'
[2.768s] --   Found tinyxml2, version 6.2.0
[2.806s] -- Looking for ignition-msgs5 -- found version 5.9.0
[2.811s] -- Looking for ignition-common3 -- found version 3.14.0
[2.811s] -- Searching for dependencies of ignition-common3
[2.812s] -- Looking for dlfcn.h - found
[2.813s] -- Looking for libdl - found
[2.814s] -- Found DL: TRUE  
[2.823s] -- Searching for <ignition-common3> component [graphics]
[2.827s] -- Looking for ignition-common3-graphics -- found version 3.14.0
[2.828s] -- Searching for dependencies of ignition-common3-graphics
[2.828s] -- Looking for ignition-math6 -- found version 6.10.0
[2.834s] -- Looking for ignition-fuel_tools4 -- found version 4.4.0
[2.835s] -- Searching for dependencies of ignition-fuel_tools4
[2.909s] -- Found CURL: /usr/lib/x86_64-linux-gnu/libcurl.so (found version "7.68.0")  
[2.919s] -- Checking for module 'jsoncpp'
[2.937s] --   Found jsoncpp, version 1.7.4
[2.975s] -- Found JSONCPP: TRUE  
[2.981s] -- Checking for module 'libzip'
[2.997s] --   Found libzip, version 1.5.1
[3.036s] -- Found ZIP: TRUE  
[3.036s] -- Looking for ignition-common3 -- found version 3.14.0
[3.037s] -- Looking for ignition-math6 -- found version 6.10.0
[3.037s] -- Looking for ignition-msgs5 -- found version 5.9.0
[3.039s] -- Gazebo version: 11.10
[3.049s] -- Found ament_lint_auto: 0.9.6 (/opt/ros/foxy/share/ament_lint_auto/cmake)
[3.141s] -- Added test 'copyright' to check source files copyright and LICENSE
[3.152s] -- Added test 'lint_cmake' to check CMake code style
[3.157s] -- Added test 'xmllint' to check XML markup files
[3.161s] -- Configuring done
[3.165s] -- Generating done
[3.166s] -- Build files have been written to: /home/instaufpr/taylor_ws/src/build/lab_usig_world_description
[3.178s] Invoked command in '/home/instaufpr/taylor_ws/src/build/lab_usig_world_description' returned '0': CMAKE_PREFIX_PATH=${CMAKE_PREFIX_PATH}:/home/instaufpr/udemy_ros2/install/turtlesim_catch_them_all:/home/instaufpr/udemy_ros2/install/my_py_pkg:/home/instaufpr/nav2_ws/install/nav2_gazebo_spawner:/opt/ros/foxy /usr/bin/cmake /home/instaufpr/taylor_ws/src/lab_usig_world_description -DCMAKE_INSTALL_PREFIX=/home/instaufpr/taylor_ws/src/install/lab_usig_world_description
[3.179s] Invoking command in '/home/instaufpr/taylor_ws/src/build/lab_usig_world_description': CMAKE_PREFIX_PATH=${CMAKE_PREFIX_PATH}:/home/instaufpr/udemy_ros2/install/turtlesim_catch_them_all:/home/instaufpr/udemy_ros2/install/my_py_pkg:/home/instaufpr/nav2_ws/install/nav2_gazebo_spawner:/opt/ros/foxy /usr/bin/cmake --build /home/instaufpr/taylor_ws/src/build/lab_usig_world_description -- -j8 -l8
[3.225s] Invoked command in '/home/instaufpr/taylor_ws/src/build/lab_usig_world_description' returned '0': CMAKE_PREFIX_PATH=${CMAKE_PREFIX_PATH}:/home/instaufpr/udemy_ros2/install/turtlesim_catch_them_all:/home/instaufpr/udemy_ros2/install/my_py_pkg:/home/instaufpr/nav2_ws/install/nav2_gazebo_spawner:/opt/ros/foxy /usr/bin/cmake --build /home/instaufpr/taylor_ws/src/build/lab_usig_world_description -- -j8 -l8
[3.251s] Invoking command in '/home/instaufpr/taylor_ws/src/build/lab_usig_world_description': CMAKE_PREFIX_PATH=${CMAKE_PREFIX_PATH}:/home/instaufpr/udemy_ros2/install/turtlesim_catch_them_all:/home/instaufpr/udemy_ros2/install/my_py_pkg:/home/instaufpr/nav2_ws/install/nav2_gazebo_spawner:/opt/ros/foxy /usr/bin/cmake --install /home/instaufpr/taylor_ws/src/build/lab_usig_world_description
[3.260s] -- Install configuration: ""
[3.260s] -- Installing: /home/instaufpr/taylor_ws/src/install/lab_usig_world_description/share/lab_usig_world_description/worlds
[3.260s] -- Installing: /home/instaufpr/taylor_ws/src/install/lab_usig_world_description/share/lab_usig_world_description/worlds/lab_4
[3.261s] -- Installing: /home/instaufpr/taylor_ws/src/install/lab_usig_world_description/share/lab_usig_world_description/worlds/lab
[3.261s] -- Installing: /home/instaufpr/taylor_ws/src/install/lab_usig_world_description/share/lab_usig_world_description/worlds/lab_22
[3.262s] -- Installing: /home/instaufpr/taylor_ws/src/install/lab_usig_world_description/share/lab_usig_world_description/worlds/lab_26
[3.263s] -- Installing: /home/instaufpr/taylor_ws/src/install/lab_usig_world_description/share/lab_usig_world_description/worlds/lab_14
[3.263s] -- Installing: /home/instaufpr/taylor_ws/src/install/lab_usig_world_description/share/lab_usig_world_description/worlds/lab_21
[3.264s] -- Installing: /home/instaufpr/taylor_ws/src/install/lab_usig_world_description/share/lab_usig_world_description/worlds/lab_18
[3.264s] -- Installing: /home/instaufpr/taylor_ws/src/install/lab_usig_world_description/share/lab_usig_world_description/worlds/lab_25
[3.265s] -- Installing: /home/instaufpr/taylor_ws/src/install/lab_usig_world_description/share/lab_usig_world_description/worlds/lab_7
[3.265s] -- Installing: /home/instaufpr/taylor_ws/src/install/lab_usig_world_description/share/lab_usig_world_description/worlds/lab_8
[3.266s] -- Installing: /home/instaufpr/taylor_ws/src/install/lab_usig_world_description/share/lab_usig_world_description/worlds/lab_9
[3.266s] -- Installing: /home/instaufpr/taylor_ws/src/install/lab_usig_world_description/share/lab_usig_world_description/worlds/lab_27
[3.267s] -- Installing: /home/instaufpr/taylor_ws/src/install/lab_usig_world_description/share/lab_usig_world_description/worlds/lab_5
[3.267s] -- Installing: /home/instaufpr/taylor_ws/src/install/lab_usig_world_description/share/lab_usig_world_description/worlds/lab_11
[3.268s] -- Installing: /home/instaufpr/taylor_ws/src/install/lab_usig_world_description/share/lab_usig_world_description/worlds/lab_1
[3.268s] -- Installing: /home/instaufpr/taylor_ws/src/install/lab_usig_world_description/share/lab_usig_world_description/worlds/lab_16
[3.268s] -- Installing: /home/instaufpr/taylor_ws/src/install/lab_usig_world_description/share/lab_usig_world_description/worlds/lab_17
[3.269s] -- Installing: /home/instaufpr/taylor_ws/src/install/lab_usig_world_description/share/lab_usig_world_description/worlds/lab_12
[3.269s] -- Installing: /home/instaufpr/taylor_ws/src/install/lab_usig_world_description/share/lab_usig_world_description/worlds/laboratorio_2
[3.269s] -- Installing: /home/instaufpr/taylor_ws/src/install/lab_usig_world_description/share/lab_usig_world_description/worlds/laboratorio
[3.270s] -- Installing: /home/instaufpr/taylor_ws/src/install/lab_usig_world_description/share/lab_usig_world_description/worlds/laboratorio_3
[3.270s] -- Installing: /home/instaufpr/taylor_ws/src/install/lab_usig_world_description/share/lab_usig_world_description/worlds/lab_19
[3.271s] -- Installing: /home/instaufpr/taylor_ws/src/install/lab_usig_world_description/share/lab_usig_world_description/worlds/lab_20
[3.271s] -- Installing: /home/instaufpr/taylor_ws/src/install/lab_usig_world_description/share/lab_usig_world_description/worlds/teste
[3.271s] -- Installing: /home/instaufpr/taylor_ws/src/install/lab_usig_world_description/share/lab_usig_world_description/worlds/lab_2
[3.272s] -- Installing: /home/instaufpr/taylor_ws/src/install/lab_usig_world_description/share/lab_usig_world_description/worlds/lab_15
[3.272s] -- Installing: /home/instaufpr/taylor_ws/src/install/lab_usig_world_description/share/lab_usig_world_description/worlds/lab_3
[3.273s] -- Installing: /home/instaufpr/taylor_ws/src/install/lab_usig_world_description/share/lab_usig_world_description/worlds/lab_10
[3.273s] -- Installing: /home/instaufpr/taylor_ws/src/install/lab_usig_world_description/share/lab_usig_world_description/worlds/lab_6
[3.274s] -- Installing: /home/instaufpr/taylor_ws/src/install/lab_usig_world_description/share/lab_usig_world_description/worlds/lab_13
[3.274s] -- Installing: /home/instaufpr/taylor_ws/src/install/lab_usig_world_description/share/lab_usig_world_description/models
[3.274s] -- Installing: /home/instaufpr/taylor_ws/src/install/lab_usig_world_description/share/lab_usig_world_description/models/armario
[3.274s] -- Installing: /home/instaufpr/taylor_ws/src/install/lab_usig_world_description/share/lab_usig_world_description/models/armario/model.config
[3.275s] -- Installing: /home/instaufpr/taylor_ws/src/install/lab_usig_world_description/share/lab_usig_world_description/models/armario/meshes
[3.275s] -- Installing: /home/instaufpr/taylor_ws/src/install/lab_usig_world_description/share/lab_usig_world_description/models/armario/meshes/armario.stl
[3.275s] -- Installing: /home/instaufpr/taylor_ws/src/install/lab_usig_world_description/share/lab_usig_world_description/models/armario/model.sdf
[3.275s] -- Installing: /home/instaufpr/taylor_ws/src/install/lab_usig_world_description/share/lab_usig_world_description/models/laboratótio_de_usinagem_modelo
[3.275s] -- Installing: /home/instaufpr/taylor_ws/src/install/lab_usig_world_description/share/lab_usig_world_description/models/laboratótio_de_usinagem_modelo/model.config
[3.276s] -- Installing: /home/instaufpr/taylor_ws/src/install/lab_usig_world_description/share/lab_usig_world_description/models/laboratótio_de_usinagem_modelo/model.sdf
[3.276s] -- Installing: /home/instaufpr/taylor_ws/src/install/lab_usig_world_description/share/lab_usig_world_description/models/maquina_corte
[3.276s] -- Installing: /home/instaufpr/taylor_ws/src/install/lab_usig_world_description/share/lab_usig_world_description/models/maquina_corte/model.config
[3.276s] -- Installing: /home/instaufpr/taylor_ws/src/install/lab_usig_world_description/share/lab_usig_world_description/models/maquina_corte/meshes
[3.276s] -- Installing: /home/instaufpr/taylor_ws/src/install/lab_usig_world_description/share/lab_usig_world_description/models/maquina_corte/meshes/maquina_corte.stl
[3.282s] -- Installing: /home/instaufpr/taylor_ws/src/install/lab_usig_world_description/share/lab_usig_world_description/models/maquina_corte/meshes/nixon.stl
[3.283s] -- Installing: /home/instaufpr/taylor_ws/src/install/lab_usig_world_description/share/lab_usig_world_description/models/maquina_corte/meshes/maquina_corte.dae
[3.292s] -- Installing: /home/instaufpr/taylor_ws/src/install/lab_usig_world_description/share/lab_usig_world_description/models/maquina_corte/model.sdf
[3.292s] -- Installing: /home/instaufpr/taylor_ws/src/install/lab_usig_world_description/share/lab_usig_world_description/models/sofa3
[3.292s] -- Installing: /home/instaufpr/taylor_ws/src/install/lab_usig_world_description/share/lab_usig_world_description/models/sofa3/model.config
[3.292s] -- Installing: /home/instaufpr/taylor_ws/src/install/lab_usig_world_description/share/lab_usig_world_description/models/sofa3/meshes
[3.292s] -- Installing: /home/instaufpr/taylor_ws/src/install/lab_usig_world_description/share/lab_usig_world_description/models/sofa3/meshes/sofa3.stl
[3.307s] -- Installing: /home/instaufpr/taylor_ws/src/install/lab_usig_world_description/share/lab_usig_world_description/models/sofa3/model.sdf
[3.307s] -- Installing: /home/instaufpr/taylor_ws/src/install/lab_usig_world_description/share/lab_usig_world_description/models/armario2
[3.307s] -- Installing: /home/instaufpr/taylor_ws/src/install/lab_usig_world_description/share/lab_usig_world_description/models/armario2/model.config
[3.307s] -- Installing: /home/instaufpr/taylor_ws/src/install/lab_usig_world_description/share/lab_usig_world_description/models/armario2/meshes
[3.307s] -- Installing: /home/instaufpr/taylor_ws/src/install/lab_usig_world_description/share/lab_usig_world_description/models/armario2/meshes/armario2.stl
[3.307s] -- Installing: /home/instaufpr/taylor_ws/src/install/lab_usig_world_description/share/lab_usig_world_description/models/armario2/model.sdf
[3.307s] -- Installing: /home/instaufpr/taylor_ws/src/install/lab_usig_world_description/share/lab_usig_world_description/models/ar_condicionado
[3.307s] -- Installing: /home/instaufpr/taylor_ws/src/install/lab_usig_world_description/share/lab_usig_world_description/models/ar_condicionado/model.config
[3.308s] -- Installing: /home/instaufpr/taylor_ws/src/install/lab_usig_world_description/share/lab_usig_world_description/models/ar_condicionado/meshes
[3.308s] -- Installing: /home/instaufpr/taylor_ws/src/install/lab_usig_world_description/share/lab_usig_world_description/models/ar_condicionado/meshes/ar_condicionado.stl
[3.308s] -- Installing: /home/instaufpr/taylor_ws/src/install/lab_usig_world_description/share/lab_usig_world_description/models/ar_condicionado/model.sdf
[3.308s] -- Installing: /home/instaufpr/taylor_ws/src/install/lab_usig_world_description/share/lab_usig_world_description/models/nixon
[3.308s] -- Installing: /home/instaufpr/taylor_ws/src/install/lab_usig_world_description/share/lab_usig_world_description/models/nixon/model.config
[3.308s] -- Installing: /home/instaufpr/taylor_ws/src/install/lab_usig_world_description/share/lab_usig_world_description/models/nixon/meshes
[3.308s] -- Installing: /home/instaufpr/taylor_ws/src/install/lab_usig_world_description/share/lab_usig_world_description/models/nixon/meshes/nixon.stl
[3.309s] -- Installing: /home/instaufpr/taylor_ws/src/install/lab_usig_world_description/share/lab_usig_world_description/models/nixon/model.sdf
[3.309s] -- Installing: /home/instaufpr/taylor_ws/src/install/lab_usig_world_description/share/lab_usig_world_description/models/server
[3.309s] -- Installing: /home/instaufpr/taylor_ws/src/install/lab_usig_world_description/share/lab_usig_world_description/models/server/model.config
[3.309s] -- Installing: /home/instaufpr/taylor_ws/src/install/lab_usig_world_description/share/lab_usig_world_description/models/server/meshes
[3.309s] -- Installing: /home/instaufpr/taylor_ws/src/install/lab_usig_world_description/share/lab_usig_world_description/models/server/meshes/server.stl
[3.309s] -- Installing: /home/instaufpr/taylor_ws/src/install/lab_usig_world_description/share/lab_usig_world_description/models/server/model.sdf
[3.310s] -- Installing: /home/instaufpr/taylor_ws/src/install/lab_usig_world_description/share/lab_usig_world_description/models/mesa
[3.310s] -- Installing: /home/instaufpr/taylor_ws/src/install/lab_usig_world_description/share/lab_usig_world_description/models/mesa/model.config
[3.310s] -- Installing: /home/instaufpr/taylor_ws/src/install/lab_usig_world_description/share/lab_usig_world_description/models/mesa/meshes
[3.310s] -- Installing: /home/instaufpr/taylor_ws/src/install/lab_usig_world_description/share/lab_usig_world_description/models/mesa/meshes/mesa.stl
[3.310s] -- Installing: /home/instaufpr/taylor_ws/src/install/lab_usig_world_description/share/lab_usig_world_description/models/mesa/model.sdf
[3.310s] -- Installing: /home/instaufpr/taylor_ws/src/install/lab_usig_world_description/share/lab_usig_world_description/models/maquina_usinagem
[3.310s] -- Installing: /home/instaufpr/taylor_ws/src/install/lab_usig_world_description/share/lab_usig_world_description/models/maquina_usinagem/model.config
[3.310s] -- Installing: /home/instaufpr/taylor_ws/src/install/lab_usig_world_description/share/lab_usig_world_description/models/maquina_usinagem/meshes
[3.310s] -- Installing: /home/instaufpr/taylor_ws/src/install/lab_usig_world_description/share/lab_usig_world_description/models/maquina_usinagem/meshes/usinagem.stl
[3.313s] -- Installing: /home/instaufpr/taylor_ws/src/install/lab_usig_world_description/share/lab_usig_world_description/models/maquina_usinagem/model.sdf
[3.314s] -- Installing: /home/instaufpr/taylor_ws/src/install/lab_usig_world_description/share/lab_usig_world_description/models/torno_mecanico
[3.314s] -- Installing: /home/instaufpr/taylor_ws/src/install/lab_usig_world_description/share/lab_usig_world_description/models/torno_mecanico/model.config
[3.314s] -- Installing: /home/instaufpr/taylor_ws/src/install/lab_usig_world_description/share/lab_usig_world_description/models/torno_mecanico/meshes
[3.314s] -- Installing: /home/instaufpr/taylor_ws/src/install/lab_usig_world_description/share/lab_usig_world_description/models/torno_mecanico/meshes/torno.stl
[3.317s] -- Installing: /home/instaufpr/taylor_ws/src/install/lab_usig_world_description/share/lab_usig_world_description/models/torno_mecanico/model.sdf
[3.317s] -- Installing: /home/instaufpr/taylor_ws/src/install/lab_usig_world_description/share/lab_usig_world_description/models/compressor
[3.317s] -- Installing: /home/instaufpr/taylor_ws/src/install/lab_usig_world_description/share/lab_usig_world_description/models/compressor/model.config
[3.317s] -- Installing: /home/instaufpr/taylor_ws/src/install/lab_usig_world_description/share/lab_usig_world_description/models/compressor/meshes
[3.317s] -- Installing: /home/instaufpr/taylor_ws/src/install/lab_usig_world_description/share/lab_usig_world_description/models/compressor/meshes/compressor.stl
[3.319s] -- Installing: /home/instaufpr/taylor_ws/src/install/lab_usig_world_description/share/lab_usig_world_description/models/compressor/model.sdf
[3.319s] -- Installing: /home/instaufpr/taylor_ws/src/install/lab_usig_world_description/share/lab_usig_world_description/models/sofa1
[3.319s] -- Installing: /home/instaufpr/taylor_ws/src/install/lab_usig_world_description/share/lab_usig_world_description/models/sofa1/model.config
[3.319s] -- Installing: /home/instaufpr/taylor_ws/src/install/lab_usig_world_description/share/lab_usig_world_description/models/sofa1/meshes
[3.319s] -- Installing: /home/instaufpr/taylor_ws/src/install/lab_usig_world_description/share/lab_usig_world_description/models/sofa1/meshes/sofa1.stl
[3.321s] -- Installing: /home/instaufpr/taylor_ws/src/install/lab_usig_world_description/share/lab_usig_world_description/models/sofa1/model.sdf
[3.321s] -- Installing: /home/instaufpr/taylor_ws/src/install/lab_usig_world_description/share/lab_usig_world_description/models/fresadora
[3.321s] -- Installing: /home/instaufpr/taylor_ws/src/install/lab_usig_world_description/share/lab_usig_world_description/models/fresadora/model.config
[3.321s] -- Installing: /home/instaufpr/taylor_ws/src/install/lab_usig_world_description/share/lab_usig_world_description/models/fresadora/meshes
[3.321s] -- Installing: /home/instaufpr/taylor_ws/src/install/lab_usig_world_description/share/lab_usig_world_description/models/fresadora/meshes/fresadora.stl
[3.322s] -- Installing: /home/instaufpr/taylor_ws/src/install/lab_usig_world_description/share/lab_usig_world_description/models/fresadora/model.sdf
[3.322s] -- Installing: /home/instaufpr/taylor_ws/src/install/lab_usig_world_description/share/lab_usig_world_description/models/sofa2
[3.322s] -- Installing: /home/instaufpr/taylor_ws/src/install/lab_usig_world_description/share/lab_usig_world_description/models/sofa2/model.config
[3.322s] -- Installing: /home/instaufpr/taylor_ws/src/install/lab_usig_world_description/share/lab_usig_world_description/models/sofa2/meshes
[3.322s] -- Installing: /home/instaufpr/taylor_ws/src/install/lab_usig_world_description/share/lab_usig_world_description/models/sofa2/meshes/sofa2.stl
[3.322s] -- Installing: /home/instaufpr/taylor_ws/src/install/lab_usig_world_description/share/lab_usig_world_description/models/sofa2/model.sdf
[3.322s] -- Installing: /home/instaufpr/taylor_ws/src/install/lab_usig_world_description/share/lab_usig_world_description/models/duster
[3.323s] -- Installing: /home/instaufpr/taylor_ws/src/install/lab_usig_world_description/share/lab_usig_world_description/models/duster/model.config
[3.323s] -- Installing: /home/instaufpr/taylor_ws/src/install/lab_usig_world_description/share/lab_usig_world_description/models/duster/meshes
[3.323s] -- Installing: /home/instaufpr/taylor_ws/src/install/lab_usig_world_description/share/lab_usig_world_description/models/duster/meshes/duster.stl
[3.325s] -- Installing: /home/instaufpr/taylor_ws/src/install/lab_usig_world_description/share/lab_usig_world_description/models/duster/model.sdf
[3.325s] -- Installing: /home/instaufpr/taylor_ws/src/install/lab_usig_world_description/share/lab_usig_world_description/models/painel
[3.325s] -- Installing: /home/instaufpr/taylor_ws/src/install/lab_usig_world_description/share/lab_usig_world_description/models/painel/model.config
[3.325s] -- Installing: /home/instaufpr/taylor_ws/src/install/lab_usig_world_description/share/lab_usig_world_description/models/painel/meshes
[3.325s] -- Installing: /home/instaufpr/taylor_ws/src/install/lab_usig_world_description/share/lab_usig_world_description/models/painel/meshes/painel.stl
[3.325s] -- Installing: /home/instaufpr/taylor_ws/src/install/lab_usig_world_description/share/lab_usig_world_description/models/painel/model.sdf
[3.325s] -- Installing: /home/instaufpr/taylor_ws/src/install/lab_usig_world_description/share/lab_usig_world_description/models/bebedouro
[3.325s] -- Installing: /home/instaufpr/taylor_ws/src/install/lab_usig_world_description/share/lab_usig_world_description/models/bebedouro/model.config
[3.325s] -- Installing: /home/instaufpr/taylor_ws/src/install/lab_usig_world_description/share/lab_usig_world_description/models/bebedouro/meshes
[3.326s] -- Installing: /home/instaufpr/taylor_ws/src/install/lab_usig_world_description/share/lab_usig_world_description/models/bebedouro/meshes/bebedouro.stl
[3.329s] -- Installing: /home/instaufpr/taylor_ws/src/install/lab_usig_world_description/share/lab_usig_world_description/models/bebedouro/model.sdf
[3.329s] -- Installing: /home/instaufpr/taylor_ws/src/install/lab_usig_world_description/share/lab_usig_world_description/models/banco
[3.329s] -- Installing: /home/instaufpr/taylor_ws/src/install/lab_usig_world_description/share/lab_usig_world_description/models/banco/model.config
[3.329s] -- Installing: /home/instaufpr/taylor_ws/src/install/lab_usig_world_description/share/lab_usig_world_description/models/banco/meshes
[3.329s] -- Installing: /home/instaufpr/taylor_ws/src/install/lab_usig_world_description/share/lab_usig_world_description/models/banco/meshes/banco.stl
[3.330s] -- Installing: /home/instaufpr/taylor_ws/src/install/lab_usig_world_description/share/lab_usig_world_description/models/banco/model.sdf
[3.330s] -- Installing: /home/instaufpr/taylor_ws/src/install/lab_usig_world_description/share/lab_usig_world_description/models/porta
[3.330s] -- Installing: /home/instaufpr/taylor_ws/src/install/lab_usig_world_description/share/lab_usig_world_description/models/porta/model.config
[3.330s] -- Installing: /home/instaufpr/taylor_ws/src/install/lab_usig_world_description/share/lab_usig_world_description/models/porta/meshes
[3.330s] -- Installing: /home/instaufpr/taylor_ws/src/install/lab_usig_world_description/share/lab_usig_world_description/models/porta/meshes/porta.stl
[3.331s] -- Installing: /home/instaufpr/taylor_ws/src/install/lab_usig_world_description/share/lab_usig_world_description/models/porta/model.sdf
[3.331s] -- Installing: /home/instaufpr/taylor_ws/src/install/lab_usig_world_description/share/lab_usig_world_description/models/extintor
[3.331s] -- Installing: /home/instaufpr/taylor_ws/src/install/lab_usig_world_description/share/lab_usig_world_description/models/extintor/model.config
[3.331s] -- Installing: /home/instaufpr/taylor_ws/src/install/lab_usig_world_description/share/lab_usig_world_description/models/extintor/meshes
[3.331s] -- Installing: /home/instaufpr/taylor_ws/src/install/lab_usig_world_description/share/lab_usig_world_description/models/extintor/meshes/extintor.stl
[3.331s] -- Installing: /home/instaufpr/taylor_ws/src/install/lab_usig_world_description/share/lab_usig_world_description/models/extintor/model.sdf
[3.332s] -- Installing: /home/instaufpr/taylor_ws/src/install/lab_usig_world_description/share/lab_usig_world_description/models/cortadora_a_laser
[3.332s] -- Installing: /home/instaufpr/taylor_ws/src/install/lab_usig_world_description/share/lab_usig_world_description/models/cortadora_a_laser/model.config
[3.332s] -- Installing: /home/instaufpr/taylor_ws/src/install/lab_usig_world_description/share/lab_usig_world_description/models/cortadora_a_laser/meshes
[3.332s] -- Installing: /home/instaufpr/taylor_ws/src/install/lab_usig_world_description/share/lab_usig_world_description/models/cortadora_a_laser/meshes/cortadora_laser.stl
[3.332s] -- Installing: /home/instaufpr/taylor_ws/src/install/lab_usig_world_description/share/lab_usig_world_description/models/cortadora_a_laser/model.sdf
[3.332s] -- Installing: /home/instaufpr/taylor_ws/src/install/lab_usig_world_description/share/lab_usig_world_description/models/quadro
[3.333s] -- Installing: /home/instaufpr/taylor_ws/src/install/lab_usig_world_description/share/lab_usig_world_description/models/quadro/model.config
[3.333s] -- Installing: /home/instaufpr/taylor_ws/src/install/lab_usig_world_description/share/lab_usig_world_description/models/quadro/meshes
[3.333s] -- Installing: /home/instaufpr/taylor_ws/src/install/lab_usig_world_description/share/lab_usig_world_description/models/quadro/meshes/quadro.stl
[3.361s] -- Installing: /home/instaufpr/taylor_ws/src/install/lab_usig_world_description/share/lab_usig_world_description/models/quadro/model.sdf
[3.361s] -- Installing: /home/instaufpr/taylor_ws/src/install/lab_usig_world_description/share/lab_usig_world_description/models/bancada
[3.362s] -- Installing: /home/instaufpr/taylor_ws/src/install/lab_usig_world_description/share/lab_usig_world_description/models/bancada/model.config
[3.362s] -- Installing: /home/instaufpr/taylor_ws/src/install/lab_usig_world_description/share/lab_usig_world_description/models/bancada/meshes
[3.362s] -- Installing: /home/instaufpr/taylor_ws/src/install/lab_usig_world_description/share/lab_usig_world_description/models/bancada/meshes/bancada.stl
[3.363s] -- Installing: /home/instaufpr/taylor_ws/src/install/lab_usig_world_description/share/lab_usig_world_description/models/bancada/model.sdf
[3.363s] -- Installing: /home/instaufpr/taylor_ws/src/install/lab_usig_world_description/share/lab_usig_world_description/models/furadeira
[3.363s] -- Installing: /home/instaufpr/taylor_ws/src/install/lab_usig_world_description/share/lab_usig_world_description/models/furadeira/model.config
[3.363s] -- Installing: /home/instaufpr/taylor_ws/src/install/lab_usig_world_description/share/lab_usig_world_description/models/furadeira/meshes
[3.363s] -- Installing: /home/instaufpr/taylor_ws/src/install/lab_usig_world_description/share/lab_usig_world_description/models/furadeira/meshes/furadeira.stl
[3.365s] -- Installing: /home/instaufpr/taylor_ws/src/install/lab_usig_world_description/share/lab_usig_world_description/models/furadeira/model.sdf
[3.365s] -- Installing: /home/instaufpr/taylor_ws/src/install/lab_usig_world_description/share/lab_usig_world_description/models/retifica
[3.366s] -- Installing: /home/instaufpr/taylor_ws/src/install/lab_usig_world_description/share/lab_usig_world_description/models/retifica/model.config
[3.366s] -- Installing: /home/instaufpr/taylor_ws/src/install/lab_usig_world_description/share/lab_usig_world_description/models/retifica/meshes
[3.366s] -- Installing: /home/instaufpr/taylor_ws/src/install/lab_usig_world_description/share/lab_usig_world_description/models/retifica/meshes/retifica.stl
[3.366s] -- Installing: /home/instaufpr/taylor_ws/src/install/lab_usig_world_description/share/lab_usig_world_description/models/retifica/model.sdf
[3.367s] -- Installing: /home/instaufpr/taylor_ws/src/install/lab_usig_world_description/share/lab_usig_world_description/models/mesa_de_trabalho
[3.367s] -- Installing: /home/instaufpr/taylor_ws/src/install/lab_usig_world_description/share/lab_usig_world_description/models/mesa_de_trabalho/model.config
[3.367s] -- Installing: /home/instaufpr/taylor_ws/src/install/lab_usig_world_description/share/lab_usig_world_description/models/mesa_de_trabalho/meshes
[3.367s] -- Installing: /home/instaufpr/taylor_ws/src/install/lab_usig_world_description/share/lab_usig_world_description/models/mesa_de_trabalho/meshes/mesa.stl
[3.367s] -- Installing: /home/instaufpr/taylor_ws/src/install/lab_usig_world_description/share/lab_usig_world_description/models/mesa_de_trabalho/model.sdf
[3.367s] -- Installing: /home/instaufpr/taylor_ws/src/install/lab_usig_world_description/share/lab_usig_world_description/environment/lab_usig_world_description.sh
[3.367s] -- Installing: /home/instaufpr/taylor_ws/src/install/lab_usig_world_description/share/ament_index/resource_index/package_run_dependencies/lab_usig_world_description
[3.368s] -- Installing: /home/instaufpr/taylor_ws/src/install/lab_usig_world_description/share/ament_index/resource_index/parent_prefix_path/lab_usig_world_description
[3.368s] -- Installing: /home/instaufpr/taylor_ws/src/install/lab_usig_world_description/share/lab_usig_world_description/environment/ament_prefix_path.sh
[3.368s] -- Installing: /home/instaufpr/taylor_ws/src/install/lab_usig_world_description/share/lab_usig_world_description/environment/ament_prefix_path.dsv
[3.368s] -- Installing: /home/instaufpr/taylor_ws/src/install/lab_usig_world_description/share/lab_usig_world_description/environment/path.sh
[3.368s] -- Installing: /home/instaufpr/taylor_ws/src/install/lab_usig_world_description/share/lab_usig_world_description/environment/path.dsv
[3.368s] -- Installing: /home/instaufpr/taylor_ws/src/install/lab_usig_world_description/share/lab_usig_world_description/local_setup.bash
[3.368s] -- Installing: /home/instaufpr/taylor_ws/src/install/lab_usig_world_description/share/lab_usig_world_description/local_setup.sh
[3.368s] -- Installing: /home/instaufpr/taylor_ws/src/install/lab_usig_world_description/share/lab_usig_world_description/local_setup.zsh
[3.368s] -- Installing: /home/instaufpr/taylor_ws/src/install/lab_usig_world_description/share/lab_usig_world_description/local_setup.dsv
[3.369s] -- Installing: /home/instaufpr/taylor_ws/src/install/lab_usig_world_description/share/lab_usig_world_description/package.dsv
[3.369s] -- Installing: /home/instaufpr/taylor_ws/src/install/lab_usig_world_description/share/ament_index/resource_index/packages/lab_usig_world_description
[3.369s] -- Installing: /home/instaufpr/taylor_ws/src/install/lab_usig_world_description/share/lab_usig_world_description/cmake/lab_usig_world_descriptionConfig.cmake
[3.369s] -- Installing: /home/instaufpr/taylor_ws/src/install/lab_usig_world_description/share/lab_usig_world_description/cmake/lab_usig_world_descriptionConfig-version.cmake
[3.369s] -- Installing: /home/instaufpr/taylor_ws/src/install/lab_usig_world_description/share/lab_usig_world_description/package.xml
[3.371s] Invoked command in '/home/instaufpr/taylor_ws/src/build/lab_usig_world_description' returned '0': CMAKE_PREFIX_PATH=${CMAKE_PREFIX_PATH}:/home/instaufpr/udemy_ros2/install/turtlesim_catch_them_all:/home/instaufpr/udemy_ros2/install/my_py_pkg:/home/instaufpr/nav2_ws/install/nav2_gazebo_spawner:/opt/ros/foxy /usr/bin/cmake --install /home/instaufpr/taylor_ws/src/build/lab_usig_world_description
